[debug] [2023-06-06T15:13:48.507Z] ----------------------------------------------------------------------
[debug] [2023-06-06T15:13:48.509Z] Command:       C:\Program Files\nodejs\node.exe C:\Users\isaac\AppData\Roaming\npm\node_modules\firebase-tools\lib\bin\firebase.js init hosting
[debug] [2023-06-06T15:13:48.509Z] CLI Version:   12.3.0
[debug] [2023-06-06T15:13:48.510Z] Platform:      win32
[debug] [2023-06-06T15:13:48.510Z] Node Version:  v18.14.0
[debug] [2023-06-06T15:13:48.510Z] Time:          Tue Jun 06 2023 10:13:48 GMT-0500 (hora estándar de Colombia)
[debug] [2023-06-06T15:13:48.510Z] ----------------------------------------------------------------------
[debug] 
[debug] [2023-06-06T15:13:48.589Z] > command requires scopes: ["email","openid","https://www.googleapis.com/auth/cloudplatformprojects.readonly","https://www.googleapis.com/auth/firebase","https://www.googleapis.com/auth/cloud-platform"]
[debug] [2023-06-06T15:13:48.589Z] > authorizing via signed-in user (isaacmont88@gmail.com)
[info] 
     ######## #### ########  ######## ########     ###     ######  ########
     ##        ##  ##     ## ##       ##     ##  ##   ##  ##       ##
     ######    ##  ########  ######   ########  #########  ######  ######
     ##        ##  ##    ##  ##       ##     ## ##     ##       ## ##
     ##       #### ##     ## ######## ########  ##     ##  ######  ########

You're about to initialize a Firebase project in this directory:

  C:\Kazura\1Universidad\Algoritmos\aaa4\DCA-2-final\Proyecto final

Before we get started, keep in mind:

  * You are currently outside your home directory
  * You are initializing within an existing Firebase project directory

